<?xml version="1.0" encoding="UTF-8"?>
<testng-results ignored="0" total="3" passed="3" failed="0" skipped="0">
  <reporter-output>
  </reporter-output>
  <suite started-at="2025-03-18T18:34:05 IST" name="Default suite" finished-at="2025-03-18T18:34:55 IST" duration-ms="49775">
    <groups>
      <group name="cucumber">
        <method signature="AbstractTestNGCucumberTests.runScenario(io.cucumber.testng.PickleWrapper,io.cucumber.testng.FeatureWrapper)[pri:0, instance:runner.TestRunner@fbd1f6]" name="runScenario" class="io.cucumber.testng.AbstractTestNGCucumberTests"/>
      </group> <!-- cucumber -->
    </groups>
    <test started-at="2025-03-18T18:34:05 IST" name="Default test" finished-at="2025-03-18T18:34:55 IST" duration-ms="49775">
      <class name="runner.TestRunner">
        <test-method is-config="true" signature="setUpClass(org.testng.ITestContext)[pri:0, instance:runner.TestRunner@fbd1f6]" started-at="2025-03-18T18:34:05 IST" name="setUpClass" finished-at="2025-03-18T18:34:11 IST" duration-ms="5392" status="PASS">
          <params>
            <param index="0">
              <value>
                <![CDATA[org.testng.TestRunner@6415f61e]]>
              </value>
            </param>
          </params>
          <reporter-output>
          </reporter-output>
        </test-method> <!-- setUpClass -->
        <test-method signature="runScenario(io.cucumber.testng.PickleWrapper,io.cucumber.testng.FeatureWrapper)[pri:0, instance:runner.TestRunner@fbd1f6]" started-at="2025-03-18T18:34:11 IST" name="runScenario" description="Runs Cucumber Scenarios" data-provider="scenarios" finished-at="2025-03-18T18:34:24 IST" duration-ms="13439" status="PASS">
          <params>
            <param index="0">
              <value>
                <![CDATA["Calculate Home Loan EMI"]]>
              </value>
            </param>
            <param index="1">
              <value>
                <![CDATA["EMI Calculator Testing"]]>
              </value>
            </param>
          </params>
          <reporter-output>
          </reporter-output>
        </test-method> <!-- runScenario -->
        <test-method signature="runScenario(io.cucumber.testng.PickleWrapper,io.cucumber.testng.FeatureWrapper)[pri:0, instance:runner.TestRunner@fbd1f6]" started-at="2025-03-18T18:34:24 IST" name="runScenario" description="Runs Cucumber Scenarios" data-provider="scenarios" finished-at="2025-03-18T18:34:49 IST" duration-ms="24769" status="PASS">
          <params>
            <param index="0">
              <value>
                <![CDATA["Calculate Personal Loan EMI"]]>
              </value>
            </param>
            <param index="1">
              <value>
                <![CDATA["EMI Calculator Testing"]]>
              </value>
            </param>
          </params>
          <reporter-output>
          </reporter-output>
        </test-method> <!-- runScenario -->
        <test-method signature="runScenario(io.cucumber.testng.PickleWrapper,io.cucumber.testng.FeatureWrapper)[pri:0, instance:runner.TestRunner@fbd1f6]" started-at="2025-03-18T18:34:49 IST" name="runScenario" description="Runs Cucumber Scenarios" data-provider="scenarios" finished-at="2025-03-18T18:34:54 IST" duration-ms="5337" status="PASS">
          <params>
            <param index="0">
              <value>
                <![CDATA["Calculate Car Loan EMI"]]>
              </value>
            </param>
            <param index="1">
              <value>
                <![CDATA["EMI Calculator Testing"]]>
              </value>
            </param>
          </params>
          <reporter-output>
          </reporter-output>
        </test-method> <!-- runScenario -->
        <test-method is-config="true" signature="tearDownClass()[pri:0, instance:runner.TestRunner@fbd1f6]" started-at="2025-03-18T18:34:54 IST" name="tearDownClass" finished-at="2025-03-18T18:34:55 IST" duration-ms="724" status="PASS">
          <reporter-output>
          </reporter-output>
        </test-method> <!-- tearDownClass -->
      </class> <!-- runner.TestRunner -->
    </test> <!-- Default test -->
  </suite> <!-- Default suite -->
</testng-results>
